<?xml version="1.0" encoding="UTF-8"?>
<robot generator="Robot 6.1 (Python 3.11.4 on win32)" generated="20230704 16:54:16.232" rpa="false" schemaversion="4">
<suite id="s1" name="Demo7 Advance Suite" source="C:\Mine\Company\John Deere July 2023\RobotProject\selenium_suite\demo7_advance_suite.robot">
<test id="s1-t1" name="TC3" line="29">
<kw name="Open Browser" library="SeleniumLibrary">
<arg>browser=chrome</arg>
<doc>Opens a new browser instance to the optional ``url``.</doc>
<msg timestamp="20230704 16:54:16.505" level="INFO">Opening browser 'chrome' to base url 'None'.</msg>
<msg timestamp="20230704 16:54:16.512" level="INFO">Executing: C:\Program Files\Python311\Lib\site-packages\selenium\webdriver\common\windows\selenium-manager.exe --browser chrome --output json</msg>
<status status="PASS" starttime="20230704 16:54:16.505" endtime="20230704 16:54:17.974"/>
</kw>
<kw name="Maximize Browser Window" library="SeleniumLibrary">
<doc>Maximizes current browser window.</doc>
<status status="PASS" starttime="20230704 16:54:17.974" endtime="20230704 16:54:18.092"/>
</kw>
<kw name="Set Selenium Implicit Wait" library="SeleniumLibrary">
<arg>10s</arg>
<doc>Sets the implicit wait value used by Selenium.</doc>
<status status="PASS" starttime="20230704 16:54:18.093" endtime="20230704 16:54:18.096"/>
</kw>
<kw name="Go To" library="SeleniumLibrary">
<arg>url=https://www.ilovepdf.com/pdf_to_word</arg>
<doc>Navigates the current browser window to the provided ``url``.</doc>
<msg timestamp="20230704 16:54:18.097" level="INFO">Opening url 'https://www.ilovepdf.com/pdf_to_word'</msg>
<status status="PASS" starttime="20230704 16:54:18.097" endtime="20230704 16:54:24.982"/>
</kw>
<kw name="Choose File" library="SeleniumLibrary">
<arg>xpath=//input[@type='file']</arg>
<arg>C:${/}Mine${/}Balaji-Profile_2023_1.pdf</arg>
<doc>Inputs the ``file_path`` into the file input field ``locator``.</doc>
<msg timestamp="20230704 16:54:24.984" level="INFO">Sending C:\Mine\Balaji-Profile_2023_1.pdf to browser.</msg>
<status status="PASS" starttime="20230704 16:54:24.982" endtime="20230704 16:54:25.041"/>
</kw>
<status status="PASS" starttime="20230704 16:54:16.504" endtime="20230704 16:54:25.042"/>
</test>
<status status="PASS" starttime="20230704 16:54:16.234" endtime="20230704 16:54:25.042"/>
</suite>
<statistics>
<total>
<stat pass="1" fail="0" skip="0">All Tests</stat>
</total>
<tag>
</tag>
<suite>
<stat pass="1" fail="0" skip="0" id="s1" name="Demo7 Advance Suite">Demo7 Advance Suite</stat>
</suite>
</statistics>
<errors>
</errors>
</robot>
