<?xml version="1.0" encoding="UTF-8"?>
<robot generator="Robot 6.1 (Python 3.11.4 on win32)" generated="20230703 16:29:33.745" rpa="false" schemaversion="4">
<suite id="s1" name="Demo1 Suite" source="C:\Mine\Company\John Deere July 2023\RobotProject\selenium_suite\demo1_suite.robot">
<test id="s1-t1" name="TC2" line="18">
<kw name="Open Browser" library="SeleniumLibrary">
<arg>browser=chrome</arg>
<doc>Opens a new browser instance to the optional ``url``.</doc>
<msg timestamp="20230703 16:29:34.049" level="INFO">Opening browser 'chrome' to base url 'None'.</msg>
<msg timestamp="20230703 16:29:34.059" level="INFO">Executing: C:\Program Files\Python311\Lib\site-packages\selenium\webdriver\common\windows\selenium-manager.exe --browser chrome --output json</msg>
<status status="PASS" starttime="20230703 16:29:34.049" endtime="20230703 16:29:35.940"/>
</kw>
<kw name="Maximize Browser Window" library="SeleniumLibrary">
<doc>Maximizes current browser window.</doc>
<status status="PASS" starttime="20230703 16:29:35.940" endtime="20230703 16:29:36.105"/>
</kw>
<kw name="Set Selenium Implicit Wait" library="SeleniumLibrary">
<arg>30s</arg>
<doc>Sets the implicit wait value used by Selenium.</doc>
<status status="PASS" starttime="20230703 16:29:36.106" endtime="20230703 16:29:36.107"/>
</kw>
<kw name="Go To" library="SeleniumLibrary">
<arg>url=https://www.facebook.com/</arg>
<doc>Navigates the current browser window to the provided ``url``.</doc>
<msg timestamp="20230703 16:29:36.107" level="INFO">Opening url 'https://www.facebook.com/'</msg>
<status status="PASS" starttime="20230703 16:29:36.107" endtime="20230703 16:29:38.831"/>
</kw>
<kw name="Input Text" library="SeleniumLibrary">
<arg>id:mail</arg>
<arg>bala123434@gmail.com</arg>
<doc>Types the given ``text`` into the text field identified by ``locator``.</doc>
<msg timestamp="20230703 16:29:38.832" level="INFO">Typing text 'bala123434@gmail.com' into text field 'id:mail'.</msg>
<msg timestamp="20230703 16:30:09.216" level="INFO" html="true">&lt;/td&gt;&lt;/tr&gt;&lt;tr&gt;&lt;td colspan="3"&gt;&lt;a href="selenium-screenshot-4.png"&gt;&lt;img src="selenium-screenshot-4.png" width="800px"&gt;&lt;/a&gt;</msg>
<msg timestamp="20230703 16:30:09.217" level="FAIL">Element with locator 'id:mail' not found.</msg>
<status status="FAIL" starttime="20230703 16:29:38.831" endtime="20230703 16:30:09.223"/>
</kw>
<kw name="Input Password" library="SeleniumLibrary">
<arg>id=pass</arg>
<arg>welcome123</arg>
<doc>Types the given password into the text field identified by ``locator``.</doc>
<status status="NOT RUN" starttime="20230703 16:30:09.223" endtime="20230703 16:30:09.224"/>
</kw>
<kw name="Click Element" library="SeleniumLibrary">
<arg>name=login</arg>
<doc>Click the element identified by ``locator``.</doc>
<status status="NOT RUN" starttime="20230703 16:30:09.224" endtime="20230703 16:30:09.224"/>
</kw>
<status status="FAIL" starttime="20230703 16:29:34.047" endtime="20230703 16:30:09.224">Element with locator 'id:mail' not found.</status>
</test>
<status status="FAIL" starttime="20230703 16:29:33.748" endtime="20230703 16:30:09.227"/>
</suite>
<statistics>
<total>
<stat pass="0" fail="1" skip="0">All Tests</stat>
</total>
<tag>
</tag>
<suite>
<stat pass="0" fail="1" skip="0" id="s1" name="Demo1 Suite">Demo1 Suite</stat>
</suite>
</statistics>
<errors>
</errors>
</robot>
