<?xml version="1.0" encoding="UTF-8"?>
<robot generator="Robot 5.0.1 (Python 3.11.4 on win32)" generated="20230707 16:46:06.084" rpa="false" schemaversion="3">
<suite id="s1" name="Demo3" source="C:\Mine\Company\John Deere July 2023\RobotProject\rpa_suite\demo3.robot">
<test id="s1-t1" name="TC1" line="6">
<kw name="Add Two Value" library="demo1">
<var>${res}</var>
<arg>2</arg>
<arg>2</arg>
<msg timestamp="20230707 16:46:06.118" level="INFO">${res} = 4.0</msg>
<status status="PASS" starttime="20230707 16:46:06.118" endtime="20230707 16:46:06.120"/>
</kw>
<kw name="Log To Console" library="BuiltIn">
<arg>${res}</arg>
<doc>Logs the given message to the console.</doc>
<status status="PASS" starttime="20230707 16:46:06.120" endtime="20230707 16:46:06.121"/>
</kw>
<kw name="Log To Console" library="BuiltIn">
<arg>${name}</arg>
<doc>Logs the given message to the console.</doc>
<status status="PASS" starttime="20230707 16:46:06.121" endtime="20230707 16:46:06.122"/>
</kw>
<status status="PASS" starttime="20230707 16:46:06.117" endtime="20230707 16:46:06.122"/>
</test>
<status status="PASS" starttime="20230707 16:46:06.086" endtime="20230707 16:46:06.122"/>
</suite>
<statistics>
<total>
<stat pass="1" fail="0" skip="0">All Tests</stat>
</total>
<tag>
</tag>
<suite>
<stat pass="1" fail="0" skip="0" id="s1" name="Demo3">Demo3</stat>
</suite>
</statistics>
<errors>
</errors>
</robot>
